2023-11-01 11:49:06.344 [info] Log level: Info
2023-11-01 11:49:06.344 [info] Validating found git in: "git"
2023-11-01 11:49:06.344 [info] Using git "2.39.2" from "git"
2023-11-01 11:49:06.344 [info] > git rev-parse --show-toplevel [19ms]
2023-11-01 11:49:06.344 [info] fatal: not a git repository (or any of the parent directories): .git
2023-11-01 11:49:06.344 [info] > git rev-parse --show-toplevel [40ms]
2023-11-01 11:49:06.344 [info] fatal: not a git repository (or any of the parent directories): .git
2023-11-01 11:49:06.363 [info] > git rev-parse --show-toplevel [22ms]
2023-11-01 11:49:06.363 [info] fatal: not a git repository (or any of the parent directories): .git
2023-11-01 11:49:06.560 [info] > git rev-parse --show-toplevel [165ms]
2023-11-01 11:49:06.560 [info] fatal: not a git repository (or any of the parent directories): .git
2023-11-01 11:49:06.609 [info] > git rev-parse --show-toplevel [9ms]
2023-11-01 11:49:06.609 [info] fatal: not a git repository (or any of the parent directories): .git
2023-11-01 11:49:06.625 [info] > git rev-parse --show-toplevel [6ms]
2023-11-01 11:49:06.625 [info] fatal: not a git repository (or any of the parent directories): .git
2023-11-01 11:49:06.675 [info] > git rev-parse --show-toplevel [11ms]
2023-11-01 11:49:06.675 [info] fatal: not a git repository (or any of the parent directories): .git
2023-11-01 11:49:06.798 [info] > git rev-parse --show-toplevel [10ms]
2023-11-01 11:49:06.798 [info] fatal: not a git repository (or any of the parent directories): .git
2023-11-01 11:49:06.813 [info] > git rev-parse --show-toplevel [3ms]
2023-11-01 11:49:06.813 [info] fatal: not a git repository (or any of the parent directories): .git
2023-11-01 11:49:06.839 [info] > git rev-parse --show-toplevel [3ms]
2023-11-01 11:49:06.839 [info] fatal: not a git repository (or any of the parent directories): .git
2023-11-01 11:49:06.875 [info] > git rev-parse --show-toplevel [4ms]
2023-11-01 11:49:06.875 [info] fatal: not a git repository (or any of the parent directories): .git
2023-11-01 11:49:06.890 [info] > git rev-parse --show-toplevel [4ms]
2023-11-01 11:49:06.890 [info] fatal: not a git repository (or any of the parent directories): .git
2023-11-01 11:49:06.923 [info] > git rev-parse --show-toplevel [13ms]
2023-11-01 11:49:06.923 [info] fatal: not a git repository (or any of the parent directories): .git
2023-11-01 11:49:06.973 [info] > git rev-parse --show-toplevel [35ms]
2023-11-01 11:49:06.973 [info] fatal: not a git repository (or any of the parent directories): .git
2023-11-01 11:49:06.988 [info] > git rev-parse --show-toplevel [5ms]
2023-11-01 11:49:06.988 [info] fatal: not a git repository (or any of the parent directories): .git
2023-11-01 11:49:07.006 [info] > git rev-parse --show-toplevel [4ms]
2023-11-01 11:49:07.006 [info] fatal: not a git repository (or any of the parent directories): .git
2023-11-01 11:49:07.020 [info] > git rev-parse --show-toplevel [4ms]
2023-11-01 11:49:07.020 [info] fatal: not a git repository (or any of the parent directories): .git
2023-11-01 11:49:07.033 [info] > git rev-parse --show-toplevel [3ms]
2023-11-01 11:49:07.033 [info] fatal: not a git repository (or any of the parent directories): .git
2023-11-01 11:49:07.047 [info] > git rev-parse --show-toplevel [4ms]
2023-11-01 11:49:07.047 [info] fatal: not a git repository (or any of the parent directories): .git
2023-11-01 11:49:07.072 [info] > git rev-parse --show-toplevel [4ms]
2023-11-01 11:49:07.072 [info] fatal: not a git repository (or any of the parent directories): .git
2023-11-01 11:49:07.091 [info] > git rev-parse --show-toplevel [3ms]
2023-11-01 11:49:07.091 [info] fatal: not a git repository (or any of the parent directories): .git
2023-11-01 11:49:07.105 [info] > git rev-parse --show-toplevel [3ms]
2023-11-01 11:49:07.105 [info] fatal: not a git repository (or any of the parent directories): .git
2023-11-01 11:49:07.129 [info] > git rev-parse --show-toplevel [13ms]
2023-11-01 11:49:07.129 [info] fatal: not a git repository (or any of the parent directories): .git
2023-11-01 11:49:07.144 [info] > git rev-parse --show-toplevel [4ms]
2023-11-01 11:49:07.144 [info] fatal: not a git repository (or any of the parent directories): .git
2023-11-01 11:49:07.158 [info] > git rev-parse --show-toplevel [4ms]
2023-11-01 11:49:07.158 [info] fatal: not a git repository (or any of the parent directories): .git
2023-11-01 11:49:07.185 [info] > git rev-parse --show-toplevel [4ms]
2023-11-01 11:49:07.185 [info] fatal: not a git repository (or any of the parent directories): .git
2023-11-01 11:49:07.199 [info] > git rev-parse --show-toplevel [4ms]
2023-11-01 11:49:07.199 [info] fatal: not a git repository (or any of the parent directories): .git
