2023-11-01 11:51:20.690 [info] Log level: Info
2023-11-01 11:51:20.690 [info] Validating found git in: "git"
2023-11-01 11:51:20.690 [info] Using git "2.39.2" from "git"
2023-11-01 11:51:20.690 [info] > git rev-parse --show-toplevel [14ms]
2023-11-01 11:51:20.690 [info] fatal: not a git repository (or any of the parent directories): .git
2023-11-01 11:51:20.690 [info] > git rev-parse --show-toplevel [7ms]
2023-11-01 11:51:20.690 [info] fatal: not a git repository (or any of the parent directories): .git
2023-11-01 11:51:20.706 [info] > git rev-parse --show-toplevel [5ms]
2023-11-01 11:51:20.706 [info] fatal: not a git repository (or any of the parent directories): .git
2023-11-01 11:51:20.760 [info] > git rev-parse --show-toplevel [13ms]
2023-11-01 11:51:20.760 [info] fatal: not a git repository (or any of the parent directories): .git
2023-11-01 11:51:20.772 [info] > git rev-parse --show-toplevel [3ms]
2023-11-01 11:51:20.772 [info] fatal: not a git repository (or any of the parent directories): .git
2023-11-01 11:51:20.799 [info] > git rev-parse --show-toplevel [16ms]
2023-11-01 11:51:20.799 [info] fatal: not a git repository (or any of the parent directories): .git
2023-11-01 11:51:20.825 [info] > git rev-parse --show-toplevel [1ms]
2023-11-01 11:51:20.825 [info] fatal: not a git repository (or any of the parent directories): .git
2023-11-01 11:51:20.863 [info] > git rev-parse --show-toplevel [3ms]
2023-11-01 11:51:20.863 [info] fatal: not a git repository (or any of the parent directories): .git
2023-11-01 11:51:20.887 [info] > git rev-parse --show-toplevel [11ms]
2023-11-01 11:51:20.887 [info] fatal: not a git repository (or any of the parent directories): .git
2023-11-01 11:51:20.915 [info] > git rev-parse --show-toplevel [7ms]
2023-11-01 11:51:20.915 [info] fatal: not a git repository (or any of the parent directories): .git
2023-11-01 11:51:20.939 [info] > git rev-parse --show-toplevel [4ms]
2023-11-01 11:51:20.939 [info] fatal: not a git repository (or any of the parent directories): .git
2023-11-01 11:51:20.956 [info] > git rev-parse --show-toplevel [8ms]
2023-11-01 11:51:20.956 [info] fatal: not a git repository (or any of the parent directories): .git
2023-11-01 11:51:20.975 [info] > git rev-parse --show-toplevel [4ms]
2023-11-01 11:51:20.975 [info] fatal: not a git repository (or any of the parent directories): .git
2023-11-01 11:51:20.998 [info] > git rev-parse --show-toplevel [7ms]
2023-11-01 11:51:20.998 [info] fatal: not a git repository (or any of the parent directories): .git
2023-11-01 11:51:21.025 [info] > git rev-parse --show-toplevel [2ms]
2023-11-01 11:51:21.025 [info] fatal: not a git repository (or any of the parent directories): .git
2023-11-01 11:51:21.040 [info] > git rev-parse --show-toplevel [4ms]
2023-11-01 11:51:21.040 [info] fatal: not a git repository (or any of the parent directories): .git
2023-11-01 11:51:21.056 [info] > git rev-parse --show-toplevel [5ms]
2023-11-01 11:51:21.056 [info] fatal: not a git repository (or any of the parent directories): .git
2023-11-01 11:51:21.072 [info] > git rev-parse --show-toplevel [5ms]
2023-11-01 11:51:21.072 [info] fatal: not a git repository (or any of the parent directories): .git
2023-11-01 11:51:21.087 [info] > git rev-parse --show-toplevel [5ms]
2023-11-01 11:51:21.087 [info] fatal: not a git repository (or any of the parent directories): .git
2023-11-01 11:51:21.114 [info] > git rev-parse --show-toplevel [13ms]
2023-11-01 11:51:21.114 [info] fatal: not a git repository (or any of the parent directories): .git
2023-11-01 11:51:21.132 [info] > git rev-parse --show-toplevel [6ms]
2023-11-01 11:51:21.132 [info] fatal: not a git repository (or any of the parent directories): .git
2023-11-01 11:51:21.170 [info] > git rev-parse --show-toplevel [15ms]
2023-11-01 11:51:21.170 [info] fatal: not a git repository (or any of the parent directories): .git
2023-11-01 11:51:21.218 [info] > git rev-parse --show-toplevel [20ms]
2023-11-01 11:51:21.218 [info] fatal: not a git repository (or any of the parent directories): .git
2023-11-01 11:51:21.254 [info] > git rev-parse --show-toplevel [24ms]
2023-11-01 11:51:21.255 [info] fatal: not a git repository (or any of the parent directories): .git
2023-11-01 11:51:21.279 [info] > git rev-parse --show-toplevel [5ms]
2023-11-01 11:51:21.279 [info] fatal: not a git repository (or any of the parent directories): .git
2023-11-01 11:51:21.301 [info] > git rev-parse --show-toplevel [3ms]
2023-11-01 11:51:21.301 [info] fatal: not a git repository (or any of the parent directories): .git
2023-11-01 11:51:21.319 [info] > git rev-parse --show-toplevel [7ms]
2023-11-01 11:51:21.319 [info] fatal: not a git repository (or any of the parent directories): .git
2023-11-01 11:51:21.337 [info] > git rev-parse --show-toplevel [7ms]
2023-11-01 11:51:21.337 [info] fatal: not a git repository (or any of the parent directories): .git
2023-11-01 11:51:21.514 [info] > git rev-parse --show-toplevel [3ms]
2023-11-01 11:51:21.514 [info] fatal: not a git repository (or any of the parent directories): .git
