2023-11-01 11:52:05.011 [info] Log level: Info
2023-11-01 11:52:05.012 [info] Validating found git in: "git"
2023-11-01 11:52:05.012 [info] Using git "2.39.2" from "git"
2023-11-01 11:52:49.670 [info] Log level: Info
2023-11-01 11:52:49.670 [info] Validating found git in: "git"
2023-11-01 11:52:49.670 [info] Using git "2.39.2" from "git"
2023-11-01 11:52:49.670 [info] > git rev-parse --show-toplevel [9ms]
2023-11-01 11:52:49.670 [info] fatal: not a git repository (or any of the parent directories): .git
2023-11-01 11:52:49.683 [info] > git rev-parse --show-toplevel [4ms]
2023-11-01 11:52:49.683 [info] fatal: not a git repository (or any of the parent directories): .git
2023-11-01 11:52:49.697 [info] > git rev-parse --show-toplevel [3ms]
2023-11-01 11:52:49.697 [info] fatal: not a git repository (or any of the parent directories): .git
2023-11-01 11:52:49.712 [info] > git rev-parse --show-toplevel [3ms]
2023-11-01 11:52:49.712 [info] fatal: not a git repository (or any of the parent directories): .git
2023-11-01 11:52:49.722 [info] > git rev-parse --show-toplevel [2ms]
2023-11-01 11:52:49.722 [info] fatal: not a git repository (or any of the parent directories): .git
2023-11-01 11:52:49.731 [info] > git rev-parse --show-toplevel [2ms]
2023-11-01 11:52:49.731 [info] fatal: not a git repository (or any of the parent directories): .git
2023-11-01 11:52:49.740 [info] > git rev-parse --show-toplevel [2ms]
2023-11-01 11:52:49.740 [info] fatal: not a git repository (or any of the parent directories): .git
2023-11-01 11:52:49.749 [info] > git rev-parse --show-toplevel [1ms]
2023-11-01 11:52:49.749 [info] fatal: not a git repository (or any of the parent directories): .git
2023-11-01 11:52:49.758 [info] > git rev-parse --show-toplevel [2ms]
2023-11-01 11:52:49.758 [info] fatal: not a git repository (or any of the parent directories): .git
2023-11-01 11:52:49.767 [info] > git rev-parse --show-toplevel [2ms]
2023-11-01 11:52:49.767 [info] fatal: not a git repository (or any of the parent directories): .git
2023-11-01 11:52:49.778 [info] > git rev-parse --show-toplevel [2ms]
2023-11-01 11:52:49.778 [info] fatal: not a git repository (or any of the parent directories): .git
2023-11-01 11:52:49.788 [info] > git rev-parse --show-toplevel [1ms]
2023-11-01 11:52:49.788 [info] fatal: not a git repository (or any of the parent directories): .git
2023-11-01 11:52:49.799 [info] > git rev-parse --show-toplevel [1ms]
2023-11-01 11:52:49.799 [info] fatal: not a git repository (or any of the parent directories): .git
2023-11-01 11:52:49.807 [info] > git rev-parse --show-toplevel [2ms]
2023-11-01 11:52:49.807 [info] fatal: not a git repository (or any of the parent directories): .git
2023-11-01 11:52:49.815 [info] > git rev-parse --show-toplevel [1ms]
2023-11-01 11:52:49.815 [info] fatal: not a git repository (or any of the parent directories): .git
2023-11-01 11:52:49.824 [info] > git rev-parse --show-toplevel [1ms]
2023-11-01 11:52:49.824 [info] fatal: not a git repository (or any of the parent directories): .git
2023-11-01 11:52:49.832 [info] > git rev-parse --show-toplevel [1ms]
2023-11-01 11:52:49.833 [info] fatal: not a git repository (or any of the parent directories): .git
2023-11-01 11:52:49.841 [info] > git rev-parse --show-toplevel [2ms]
2023-11-01 11:52:49.841 [info] fatal: not a git repository (or any of the parent directories): .git
2023-11-01 11:52:49.849 [info] > git rev-parse --show-toplevel [2ms]
2023-11-01 11:52:49.849 [info] fatal: not a git repository (or any of the parent directories): .git
2023-11-01 11:52:49.858 [info] > git rev-parse --show-toplevel [1ms]
2023-11-01 11:52:49.858 [info] fatal: not a git repository (or any of the parent directories): .git
2023-11-01 11:52:52.004 [info] > git rev-parse --show-toplevel [140ms]
2023-11-01 11:52:52.005 [info] fatal: not a git repository (or any of the parent directories): .git
2023-11-01 11:55:10.331 [info] > git rev-parse --show-toplevel [6ms]
2023-11-01 11:55:10.331 [info] fatal: not a git repository (or any of the parent directories): .git
2023-11-01 11:55:18.141 [info] > git rev-parse --show-toplevel [2ms]
2023-11-01 11:55:18.142 [info] fatal: not a git repository (or any of the parent directories): .git
2023-11-01 11:55:42.842 [info] > git rev-parse --show-toplevel [4ms]
2023-11-01 11:55:42.842 [info] fatal: not a git repository (or any of the parent directories): .git
2023-11-01 11:57:01.466 [info] > git rev-parse --show-toplevel [8ms]
2023-11-01 11:57:01.466 [info] fatal: not a git repository (or any of the parent directories): .git
2023-11-01 11:58:03.433 [info] > git rev-parse --show-toplevel [7ms]
2023-11-01 11:58:03.433 [info] fatal: not a git repository (or any of the parent directories): .git
2023-11-01 11:59:35.295 [info] > git rev-parse --show-toplevel [5ms]
2023-11-01 11:59:35.295 [info] fatal: not a git repository (or any of the parent directories): .git
2023-11-01 11:59:50.301 [info] > git rev-parse --show-toplevel [5ms]
2023-11-01 11:59:50.301 [info] fatal: not a git repository (or any of the parent directories): .git
2023-11-01 11:59:56.029 [info] > git rev-parse --show-toplevel [5ms]
2023-11-01 11:59:56.030 [info] fatal: not a git repository (or any of the parent directories): .git
