2023-11-01 11:52:04.530 [info] Extension host with pid 7866 started
2023-11-01 11:52:04.713 [info] ExtensionService#_doActivateExtension vscode.git-base, startup: true, activationEvent: '*', root cause: vscode.git
2023-11-01 11:52:04.756 [info] ExtensionService#_doActivateExtension vscode.git, startup: true, activationEvent: '*'
2023-11-01 11:52:04.827 [info] ExtensionService#_doActivateExtension vscode.github, startup: true, activationEvent: '*'
2023-11-01 11:52:05.002 [info] Eager extensions activated
2023-11-01 11:52:05.067 [info] ExtensionService#_doActivateExtension vscode.debug-auto-launch, startup: false, activationEvent: 'onStartupFinished'
2023-11-01 11:52:05.084 [info] ExtensionService#_doActivateExtension vscode.merge-conflict, startup: false, activationEvent: 'onStartupFinished'
2023-11-01 11:52:43.722 [info] Extension host terminating: renderer closed the MessagePort
2023-11-01 11:52:43.747 [info] Extension host with pid 7866 exiting with code 0
2023-11-01 11:52:46.172 [info] Extension host with pid 7932 started
2023-11-01 11:52:46.172 [info] Skipping acquiring lock for /opt/lampp/htdocs/psi_pak_isa/User/workspaceStorage/59767083a1c538caa2ae1543c61126af.
2023-11-01 11:52:46.526 [info] ExtensionService#_doActivateExtension vscode.git-base, startup: true, activationEvent: '*'
2023-11-01 11:52:46.593 [info] ExtensionService#_doActivateExtension vscode.github, startup: true, activationEvent: '*'
2023-11-01 11:52:46.684 [info] Eager extensions activated
2023-11-01 11:52:46.704 [info] ExtensionService#_doActivateExtension vscode.debug-auto-launch, startup: false, activationEvent: 'onStartupFinished'
2023-11-01 11:52:46.709 [info] ExtensionService#_doActivateExtension vscode.merge-conflict, startup: false, activationEvent: 'onStartupFinished'
2023-11-01 11:52:49.549 [info] ExtensionService#_doActivateExtension vscode.git, startup: false, activationEvent: 'api', root cause: vscode.github
2023-11-01 11:52:51.372 [info] ExtensionService#_doActivateExtension vscode.json-language-features, startup: false, activationEvent: 'onLanguage:jsonc'
2023-11-01 11:52:51.539 [info] ExtensionService#_doActivateExtension vscode.typescript-language-features, startup: false, activationEvent: 'onLanguage:jsonc'
2023-11-01 11:52:51.682 [info] ExtensionService#_doActivateExtension vscode.emmet, startup: false, activationEvent: 'onLanguage'
2023-11-01 11:53:04.590 [info] ExtensionService#_doActivateExtension vscode.github-authentication, startup: false, activationEvent: 'onAuthenticationRequest:github'
2023-11-01 11:53:04.716 [info] ExtensionService#_doActivateExtension vscode.microsoft-authentication, startup: false, activationEvent: 'onAuthenticationRequest:microsoft'
2023-11-01 11:55:18.320 [info] ExtensionService#_doActivateExtension vscode.html-language-features, startup: false, activationEvent: 'onLanguage:html'
2023-11-01 11:55:42.881 [info] ExtensionService#_doActivateExtension vscode.php-language-features, startup: false, activationEvent: 'onLanguage:php'
2023-11-01 12:00:55.528 [info] Extension host terminating: renderer closed the MessagePort
2023-11-01 12:00:55.602 [info] Extension host with pid 7932 exiting with code 0
