2023-11-01 11:48:44.555 [info] Log level: Info
2023-11-01 11:48:44.555 [info] Validating found git in: "git"
2023-11-01 11:48:44.555 [info] Using git "2.39.2" from "git"
2023-11-01 11:48:44.555 [info] > git rev-parse --show-toplevel [22ms]
2023-11-01 11:48:44.555 [info] fatal: not a git repository (or any of the parent directories): .git
2023-11-01 11:48:44.555 [info] > git rev-parse --show-toplevel [12ms]
2023-11-01 11:48:44.555 [info] fatal: not a git repository (or any of the parent directories): .git
2023-11-01 11:48:44.566 [info] > git rev-parse --show-toplevel [12ms]
2023-11-01 11:48:44.566 [info] fatal: not a git repository (or any of the parent directories): .git
2023-11-01 11:48:44.684 [info] > git rev-parse --show-toplevel [103ms]
2023-11-01 11:48:44.684 [info] fatal: not a git repository (or any of the parent directories): .git
2023-11-01 11:48:44.707 [info] > git rev-parse --show-toplevel [3ms]
2023-11-01 11:48:44.707 [info] fatal: not a git repository (or any of the parent directories): .git
2023-11-01 11:48:44.734 [info] > git rev-parse --show-toplevel [4ms]
2023-11-01 11:48:44.734 [info] fatal: not a git repository (or any of the parent directories): .git
2023-11-01 11:48:44.786 [info] > git rev-parse --show-toplevel [33ms]
2023-11-01 11:48:44.786 [info] fatal: not a git repository (or any of the parent directories): .git
2023-11-01 11:48:44.805 [info] > git rev-parse --show-toplevel [3ms]
2023-11-01 11:48:44.805 [info] fatal: not a git repository (or any of the parent directories): .git
2023-11-01 11:48:44.822 [info] > git rev-parse --show-toplevel [4ms]
2023-11-01 11:48:44.822 [info] fatal: not a git repository (or any of the parent directories): .git
2023-11-01 11:48:44.839 [info] > git rev-parse --show-toplevel [3ms]
2023-11-01 11:48:44.839 [info] fatal: not a git repository (or any of the parent directories): .git
2023-11-01 11:48:44.864 [info] > git rev-parse --show-toplevel [2ms]
2023-11-01 11:48:44.864 [info] fatal: not a git repository (or any of the parent directories): .git
2023-11-01 11:48:44.957 [info] > git rev-parse --show-toplevel [71ms]
2023-11-01 11:48:44.957 [info] fatal: not a git repository (or any of the parent directories): .git
2023-11-01 11:48:44.978 [info] > git rev-parse --show-toplevel [5ms]
2023-11-01 11:48:44.978 [info] fatal: not a git repository (or any of the parent directories): .git
2023-11-01 11:48:44.998 [info] > git rev-parse --show-toplevel [5ms]
2023-11-01 11:48:44.998 [info] fatal: not a git repository (or any of the parent directories): .git
2023-11-01 11:48:45.013 [info] > git rev-parse --show-toplevel [7ms]
2023-11-01 11:48:45.015 [info] fatal: not a git repository (or any of the parent directories): .git
2023-11-01 11:48:45.031 [info] > git rev-parse --show-toplevel [4ms]
2023-11-01 11:48:45.031 [info] fatal: not a git repository (or any of the parent directories): .git
2023-11-01 11:48:45.049 [info] > git rev-parse --show-toplevel [4ms]
2023-11-01 11:48:45.049 [info] fatal: not a git repository (or any of the parent directories): .git
2023-11-01 11:48:45.076 [info] > git rev-parse --show-toplevel [6ms]
2023-11-01 11:48:45.076 [info] fatal: not a git repository (or any of the parent directories): .git
2023-11-01 11:48:45.094 [info] > git rev-parse --show-toplevel [6ms]
2023-11-01 11:48:45.094 [info] fatal: not a git repository (or any of the parent directories): .git
2023-11-01 11:48:45.119 [info] > git rev-parse --show-toplevel [12ms]
2023-11-01 11:48:45.119 [info] fatal: not a git repository (or any of the parent directories): .git
2023-11-01 11:48:45.204 [info] > git rev-parse --show-toplevel [72ms]
2023-11-01 11:48:45.204 [info] fatal: not a git repository (or any of the parent directories): .git
2023-11-01 11:48:45.252 [info] > git rev-parse --show-toplevel [38ms]
2023-11-01 11:48:45.252 [info] fatal: not a git repository (or any of the parent directories): .git
2023-11-01 11:48:45.263 [info] > git rev-parse --show-toplevel [1ms]
2023-11-01 11:48:45.263 [info] fatal: not a git repository (or any of the parent directories): .git
2023-11-01 11:48:45.274 [info] > git rev-parse --show-toplevel [2ms]
2023-11-01 11:48:45.274 [info] fatal: not a git repository (or any of the parent directories): .git
2023-11-01 11:48:45.288 [info] > git rev-parse --show-toplevel [2ms]
2023-11-01 11:48:45.288 [info] fatal: not a git repository (or any of the parent directories): .git
