2023-11-01 11:50:17.008 [info] Log level: Info
2023-11-01 11:50:17.009 [info] Validating found git in: "git"
2023-11-01 11:50:17.009 [info] Using git "2.39.2" from "git"
2023-11-01 11:50:17.009 [info] > git rev-parse --show-toplevel [15ms]
2023-11-01 11:50:17.009 [info] fatal: not a git repository (or any of the parent directories): .git
2023-11-01 11:50:17.012 [info] > git rev-parse --show-toplevel [10ms]
2023-11-01 11:50:17.012 [info] fatal: not a git repository (or any of the parent directories): .git
2023-11-01 11:50:17.037 [info] > git rev-parse --show-toplevel [8ms]
2023-11-01 11:50:17.037 [info] fatal: not a git repository (or any of the parent directories): .git
2023-11-01 11:50:17.082 [info] > git rev-parse --show-toplevel [4ms]
2023-11-01 11:50:17.082 [info] fatal: not a git repository (or any of the parent directories): .git
2023-11-01 11:50:17.119 [info] > git rev-parse --show-toplevel [5ms]
2023-11-01 11:50:17.119 [info] fatal: not a git repository (or any of the parent directories): .git
2023-11-01 11:50:17.129 [info] > git rev-parse --show-toplevel [2ms]
2023-11-01 11:50:17.129 [info] fatal: not a git repository (or any of the parent directories): .git
2023-11-01 11:50:17.139 [info] > git rev-parse --show-toplevel [2ms]
2023-11-01 11:50:17.139 [info] fatal: not a git repository (or any of the parent directories): .git
2023-11-01 11:50:17.149 [info] > git rev-parse --show-toplevel [2ms]
2023-11-01 11:50:17.149 [info] fatal: not a git repository (or any of the parent directories): .git
2023-11-01 11:50:17.164 [info] > git rev-parse --show-toplevel [6ms]
2023-11-01 11:50:17.164 [info] fatal: not a git repository (or any of the parent directories): .git
2023-11-01 11:50:17.200 [info] > git rev-parse --show-toplevel [24ms]
2023-11-01 11:50:17.200 [info] fatal: not a git repository (or any of the parent directories): .git
2023-11-01 11:50:17.218 [info] > git rev-parse --show-toplevel [7ms]
2023-11-01 11:50:17.218 [info] fatal: not a git repository (or any of the parent directories): .git
2023-11-01 11:50:17.237 [info] > git rev-parse --show-toplevel [6ms]
2023-11-01 11:50:17.237 [info] fatal: not a git repository (or any of the parent directories): .git
2023-11-01 11:50:17.253 [info] > git rev-parse --show-toplevel [4ms]
2023-11-01 11:50:17.253 [info] fatal: not a git repository (or any of the parent directories): .git
2023-11-01 11:50:17.270 [info] > git rev-parse --show-toplevel [4ms]
2023-11-01 11:50:17.271 [info] fatal: not a git repository (or any of the parent directories): .git
2023-11-01 11:50:17.290 [info] > git rev-parse --show-toplevel [4ms]
2023-11-01 11:50:17.290 [info] fatal: not a git repository (or any of the parent directories): .git
2023-11-01 11:50:17.305 [info] > git rev-parse --show-toplevel [5ms]
2023-11-01 11:50:17.305 [info] fatal: not a git repository (or any of the parent directories): .git
2023-11-01 11:50:17.320 [info] > git rev-parse --show-toplevel [4ms]
2023-11-01 11:50:17.320 [info] fatal: not a git repository (or any of the parent directories): .git
2023-11-01 11:50:17.347 [info] > git rev-parse --show-toplevel [17ms]
2023-11-01 11:50:17.347 [info] fatal: not a git repository (or any of the parent directories): .git
2023-11-01 11:50:17.368 [info] > git rev-parse --show-toplevel [3ms]
2023-11-01 11:50:17.368 [info] fatal: not a git repository (or any of the parent directories): .git
2023-11-01 11:50:17.383 [info] > git rev-parse --show-toplevel [5ms]
2023-11-01 11:50:17.383 [info] fatal: not a git repository (or any of the parent directories): .git
2023-11-01 11:50:17.398 [info] > git rev-parse --show-toplevel [5ms]
2023-11-01 11:50:17.398 [info] fatal: not a git repository (or any of the parent directories): .git
2023-11-01 11:50:17.417 [info] > git rev-parse --show-toplevel [5ms]
2023-11-01 11:50:17.417 [info] fatal: not a git repository (or any of the parent directories): .git
2023-11-01 11:50:17.432 [info] > git rev-parse --show-toplevel [5ms]
2023-11-01 11:50:17.432 [info] fatal: not a git repository (or any of the parent directories): .git
2023-11-01 11:50:17.447 [info] > git rev-parse --show-toplevel [4ms]
2023-11-01 11:50:17.447 [info] fatal: not a git repository (or any of the parent directories): .git
2023-11-01 11:50:17.462 [info] > git rev-parse --show-toplevel [4ms]
2023-11-01 11:50:17.462 [info] fatal: not a git repository (or any of the parent directories): .git
2023-11-01 11:50:17.509 [info] > git rev-parse --show-toplevel [8ms]
2023-11-01 11:50:17.509 [info] fatal: not a git repository (or any of the parent directories): .git
2023-11-01 11:50:17.534 [info] > git rev-parse --show-toplevel [5ms]
2023-11-01 11:50:17.534 [info] fatal: not a git repository (or any of the parent directories): .git
2023-11-01 11:50:17.551 [info] > git rev-parse --show-toplevel [6ms]
2023-11-01 11:50:17.551 [info] fatal: not a git repository (or any of the parent directories): .git
2023-11-01 11:50:17.882 [info] > git rev-parse --show-toplevel [5ms]
2023-11-01 11:50:17.882 [info] fatal: not a git repository (or any of the parent directories): .git
